<?xml version="1.0" encoding="UTF-8"?>
<!-- Generated by org.testng.reporters.JUnitReportReporter -->
<testsuite name="com.automation.testcases.JQueryDatePickerPageTest" tests="2" time="6.705" ignored="18" failures="0" timestamp="24 Jul 2017 18:30:06 GMT" skipped="0" hostname="HIBAIL56713" errors="0">
  <testcase name="verifyJQueryCalendar" time="3.012" classname="com.automation.testcases.JQueryDatePickerPageTest"/>
  <testcase name="verifyJQueryCalendarStartAndEndDates" time="3.693" classname="com.automation.testcases.JQueryDatePickerPageTest"/>
  <testcase name="before" classname="com.automation.base.TestBase">
    <skipped/>
  </testcase> <!-- before -->
  <testcase name="before" classname="com.automation.base.TestBase">
    <skipped/>
  </testcase> <!-- before -->
  <testcase name="before" classname="com.automation.base.TestBase">
    <skipped/>
  </testcase> <!-- before -->
  <testcase name="before" classname="com.automation.base.TestBase">
    <skipped/>
  </testcase> <!-- before -->
  <testcase name="before" classname="com.automation.base.TestBase">
    <skipped/>
  </testcase> <!-- before -->
  <testcase name="before" classname="com.automation.base.TestBase">
    <skipped/>
  </testcase> <!-- before -->
  <testcase name="before" classname="com.automation.base.TestBase">
    <skipped/>
  </testcase> <!-- before -->
  <testcase name="before" classname="com.automation.base.TestBase">
    <skipped/>
  </testcase> <!-- before -->
  <testcase name="before" classname="com.automation.base.TestBase">
    <skipped/>
  </testcase> <!-- before -->
  <testcase name="after" classname="com.automation.base.TestBase">
    <skipped/>
  </testcase> <!-- after -->
  <testcase name="after" classname="com.automation.base.TestBase">
    <skipped/>
  </testcase> <!-- after -->
  <testcase name="after" classname="com.automation.base.TestBase">
    <skipped/>
  </testcase> <!-- after -->
  <testcase name="after" classname="com.automation.base.TestBase">
    <skipped/>
  </testcase> <!-- after -->
  <testcase name="after" classname="com.automation.base.TestBase">
    <skipped/>
  </testcase> <!-- after -->
  <testcase name="after" classname="com.automation.base.TestBase">
    <skipped/>
  </testcase> <!-- after -->
  <testcase name="after" classname="com.automation.base.TestBase">
    <skipped/>
  </testcase> <!-- after -->
  <testcase name="after" classname="com.automation.base.TestBase">
    <skipped/>
  </testcase> <!-- after -->
  <testcase name="after" classname="com.automation.base.TestBase">
    <skipped/>
  </testcase> <!-- after -->
</testsuite> <!-- com.automation.testcases.JQueryDatePickerPageTest -->
