<?xml version="1.0" encoding="UTF-8"?>
<!-- Generated by org.testng.reporters.JUnitReportReporter -->
<testsuite name="com.automation.testcases.BootstrapDatePickerPageTest" tests="5" time="6.470" ignored="18" failures="0" timestamp="24 Jul 2017 18:30:06 GMT" skipped="0" hostname="HIBAIL56713" errors="0">
  <testcase name="verifyStartingWeek" time="1.250" classname="com.automation.testcases.BootstrapDatePickerPageTest"/>
  <testcase name="VerifyTodaysDate" time="1.474" classname="com.automation.testcases.BootstrapDatePickerPageTest"/>
  <testcase name="verifyDateCleared" time="1.421" classname="com.automation.testcases.BootstrapDatePickerPageTest"/>
  <testcase name="verifyBootstrapCalendar" time="0.921" classname="com.automation.testcases.BootstrapDatePickerPageTest"/>
  <testcase name="verifyDaysOfWeekIsDisabled" time="1.404" classname="com.automation.testcases.BootstrapDatePickerPageTest"/>
  <testcase name="before" classname="com.automation.base.TestBase">
    <skipped/>
  </testcase> <!-- before -->
  <testcase name="before" classname="com.automation.base.TestBase">
    <skipped/>
  </testcase> <!-- before -->
  <testcase name="before" classname="com.automation.base.TestBase">
    <skipped/>
  </testcase> <!-- before -->
  <testcase name="before" classname="com.automation.base.TestBase">
    <skipped/>
  </testcase> <!-- before -->
  <testcase name="before" classname="com.automation.base.TestBase">
    <skipped/>
  </testcase> <!-- before -->
  <testcase name="before" classname="com.automation.base.TestBase">
    <skipped/>
  </testcase> <!-- before -->
  <testcase name="before" classname="com.automation.base.TestBase">
    <skipped/>
  </testcase> <!-- before -->
  <testcase name="before" classname="com.automation.base.TestBase">
    <skipped/>
  </testcase> <!-- before -->
  <testcase name="before" classname="com.automation.base.TestBase">
    <skipped/>
  </testcase> <!-- before -->
  <testcase name="after" classname="com.automation.base.TestBase">
    <skipped/>
  </testcase> <!-- after -->
  <testcase name="after" classname="com.automation.base.TestBase">
    <skipped/>
  </testcase> <!-- after -->
  <testcase name="after" classname="com.automation.base.TestBase">
    <skipped/>
  </testcase> <!-- after -->
  <testcase name="after" classname="com.automation.base.TestBase">
    <skipped/>
  </testcase> <!-- after -->
  <testcase name="after" classname="com.automation.base.TestBase">
    <skipped/>
  </testcase> <!-- after -->
  <testcase name="after" classname="com.automation.base.TestBase">
    <skipped/>
  </testcase> <!-- after -->
  <testcase name="after" classname="com.automation.base.TestBase">
    <skipped/>
  </testcase> <!-- after -->
  <testcase name="after" classname="com.automation.base.TestBase">
    <skipped/>
  </testcase> <!-- after -->
  <testcase name="after" classname="com.automation.base.TestBase">
    <skipped/>
  </testcase> <!-- after -->
</testsuite> <!-- com.automation.testcases.BootstrapDatePickerPageTest -->
